2016-12-29 15:36:37,940 [Thread-61:123145480101888] [django.request:152] [base:get_response] [WARNING]- Not Found: /console/主机概览_基本信息.html
2016-12-29 15:47:36,084 [Thread-228:123145520824320] [django.request:152] [base:get_response] [WARNING]- Not Found: /apple-touch-icon-precomposed.png
2016-12-29 15:47:36,131 [Thread-227:123145516617728] [django.request:152] [base:get_response] [WARNING]- Not Found: /favicon.ico
2016-12-29 15:47:36,138 [Thread-229:123145520824320] [django.request:152] [base:get_response] [WARNING]- Not Found: /apple-touch-icon.png
2016-12-29 15:47:38,304 [Thread-230:123145516617728] [django.request:152] [base:get_response] [WARNING]- Not Found: /
2016-12-29 15:47:38,399 [Thread-231:123145516617728] [django.request:152] [base:get_response] [WARNING]- Not Found: /apple-touch-icon-precomposed.png
2016-12-29 15:47:38,439 [Thread-232:123145516617728] [django.request:152] [base:get_response] [WARNING]- Not Found: /apple-touch-icon.png
2016-12-29 15:47:38,502 [Thread-233:123145516617728] [django.request:152] [base:get_response] [WARNING]- Not Found: /favicon.ico
2016-12-29 15:47:38,734 [Thread-234:123145516617728] [django.request:152] [base:get_response] [WARNING]- Not Found: /apple-touch-icon-precomposed.png
2016-12-29 15:47:38,772 [Thread-235:123145516617728] [django.request:152] [base:get_response] [WARNING]- Not Found: /apple-touch-icon.png
2016-12-29 15:47:38,799 [Thread-236:123145516617728] [django.request:152] [base:get_response] [WARNING]- Not Found: /favicon.ico
2016-12-29 15:47:38,853 [Thread-237:123145516617728] [django.request:152] [base:get_response] [WARNING]- Not Found: /
2016-12-29 15:47:38,894 [Thread-238:123145516617728] [django.request:152] [base:get_response] [WARNING]- Not Found: /apple-touch-icon-precomposed.png
2016-12-29 15:47:38,919 [Thread-239:123145516617728] [django.request:152] [base:get_response] [WARNING]- Not Found: /apple-touch-icon.png
2016-12-29 15:47:38,940 [Thread-240:123145516617728] [django.request:152] [base:get_response] [WARNING]- Not Found: /favicon.ico
2016-12-29 15:47:38,992 [Thread-241:123145516617728] [django.request:152] [base:get_response] [WARNING]- Not Found: /apple-touch-icon-precomposed.png
2016-12-29 15:47:39,050 [Thread-242:123145516617728] [django.request:152] [base:get_response] [WARNING]- Not Found: /apple-touch-icon.png
2016-12-29 15:47:39,079 [Thread-243:123145516617728] [django.request:152] [base:get_response] [WARNING]- Not Found: /favicon.ico
2016-12-29 15:48:40,190 [Thread-249:123145516617728] [django.request:152] [base:get_response] [WARNING]- Not Found: /apple-touch-icon-precomposed.png
2016-12-29 15:48:40,279 [Thread-250:123145516617728] [django.request:152] [base:get_response] [WARNING]- Not Found: /apple-touch-icon.png
2016-12-29 15:50:31,388 [Thread-283:123145516617728] [django.request:152] [base:get_response] [WARNING]- Not Found: /
2016-12-29 15:54:18,785 [Thread-28:123145383452672] [django.request:152] [base:get_response] [WARNING]- Not Found: /images/logo.png
2016-12-29 15:55:57,135 [Thread-53:123145383452672] [django.request:152] [base:get_response] [WARNING]- Not Found: /images/logo.png
2016-12-29 15:55:59,547 [Thread-58:123145379246080] [django.request:152] [base:get_response] [WARNING]- Not Found: /datatable/vendor/metisMenu/metisMenu.min.css
2016-12-29 15:55:59,664 [Thread-61:123145391865856] [django.request:152] [base:get_response] [WARNING]- Not Found: /validationEngine/css/LS-validationEngine.css
2016-12-29 15:55:59,726 [Thread-63:123145400279040] [django.request:152] [base:get_response] [WARNING]- Not Found: /css/global.css
2016-12-29 15:55:59,734 [Thread-59:123145383452672] [django.request:152] [base:get_response] [WARNING]- Not Found: /datatable/dist/css/sb-admin-2.css
2016-12-29 15:55:59,777 [Thread-60:123145387659264] [django.request:152] [base:get_response] [WARNING]- Not Found: /validationEngine/validation2.6.2/css/validationEngine.jquery.css
2016-12-29 15:55:59,868 [Thread-62:123145396072448] [django.request:152] [base:get_response] [WARNING]- Not Found: /selectator-master/fm.selectator.jquery.css
2016-12-29 15:55:59,880 [Thread-66:123145408692224] [django.request:152] [base:get_response] [WARNING]- Not Found: /css/automatic-platform.css
2016-12-29 15:55:59,891 [Thread-64:123145404485632] [django.request:152] [base:get_response] [WARNING]- Not Found: /css/head-common.css
2016-12-29 15:56:00,016 [Thread-65:123145400279040] [django.request:152] [base:get_response] [WARNING]- Not Found: /css/content-common.css
2016-12-29 15:56:00,021 [Thread-68:123145379246080] [django.request:152] [base:get_response] [WARNING]- Not Found: /layer/layer.js
2016-12-29 15:56:00,040 [Thread-67:123145391865856] [django.request:152] [base:get_response] [WARNING]- Not Found: /js/jquery-2.1.3.min.js
2016-12-29 15:56:00,101 [Thread-70:123145387659264] [django.request:152] [base:get_response] [WARNING]- Not Found: /datatable/vendor/bootstrap/js/bootstrap.min.js
2016-12-29 15:56:00,105 [Thread-69:123145383452672] [django.request:152] [base:get_response] [WARNING]- Not Found: /js/layout.js
2016-12-29 15:56:00,167 [Thread-71:123145412898816] [django.request:152] [base:get_response] [WARNING]- Not Found: /datatable/vendor/metisMenu/metisMenu.min.js
2016-12-29 15:56:00,213 [Thread-72:123145408692224] [django.request:152] [base:get_response] [WARNING]- Not Found: /datatable/dist/js/sb-admin-2.js
2016-12-29 15:56:00,217 [Thread-73:123145417105408] [django.request:152] [base:get_response] [WARNING]- Not Found: /search/jquery-ui.js
2016-12-29 15:56:00,336 [Thread-74:123145396072448] [django.request:152] [base:get_response] [WARNING]- Not Found: /selectator-master/fm.selectator.jquery.js
2016-12-29 15:56:00,343 [Thread-75:123145400279040] [django.request:152] [base:get_response] [WARNING]- Not Found: /my97/WdatePicker.js
2016-12-29 15:56:00,363 [Thread-78:123145387659264] [django.request:152] [base:get_response] [WARNING]- Not Found: /images/logo.png
2016-12-29 15:56:00,368 [Thread-76:123145379246080] [django.request:152] [base:get_response] [WARNING]- Not Found: /validationEngine/validation2.6.2/js/jquery.validationEngine.min.js
2016-12-29 15:56:00,396 [Thread-77:123145383452672] [django.request:152] [base:get_response] [WARNING]- Not Found: /validationEngine/validation2.6.2/js/jquery.validationEngine-zh_CN.js
2016-12-29 15:57:52,340 [Thread-128:123145379246080] [django.request:152] [base:get_response] [WARNING]- Not Found: /images/logo.png
2016-12-29 15:57:53,964 [Thread-153:123145383452672] [django.request:152] [base:get_response] [WARNING]- Not Found: /images/logo.png
2016-12-29 16:00:22,711 [Thread-165:123145379246080] [django.request:152] [base:get_response] [WARNING]- Not Found: /images/logo.png
2016-12-29 16:00:57,905 [Thread-187:123145379246080] [django.request:152] [base:get_response] [WARNING]- Not Found: /images/logo.png
2016-12-29 16:01:45,929 [Thread-212:123145383452672] [django.request:152] [base:get_response] [WARNING]- Not Found: /images/logo.png
2016-12-29 16:02:03,481 [Thread-237:123145383452672] [django.request:152] [base:get_response] [WARNING]- Not Found: /images/logo.png
2016-12-29 16:06:45,165 [Thread-262:123145379246080] [django.request:152] [base:get_response] [WARNING]- Not Found: /images/logo.png
2016-12-29 16:13:20,283 [Thread-490:123145379246080] [django.request:152] [base:get_response] [WARNING]- Not Found: /console/分组概览_分组具体信息.html
2016-12-29 16:18:40,067 [Thread-59:123145380073472] [django.request:152] [base:get_response] [WARNING]- Not Found: /console/分组概览_分组具体信息.html
